
=== Tue Nov 18 21:58:45 2025

Packages were changed.
Update Mode: updateDependencies

The following packages were added:
  com.unity.ai.navigation@1.1.6
The following packages were updated:
  com.unity.2d.animation from version 3.2.18 to 9.2.0
  com.unity.2d.pixel-perfect from version 2.1.0 to 5.1.0
  com.unity.2d.psdimporter from version 2.1.11 to 8.1.0
  com.unity.2d.spriteshape from version 3.0.18 to 9.1.0
  com.unity.textmeshpro from version 2.1.6 to 3.0.7

=== Tue Nov 18 23:54:33 2025

Packages were changed.
Update Mode: updateDependencies

The following packages were added:
  com.unity.modules.accessibility@1.0.0
  com.unity.multiplayer.center@1.0.0
The following packages were updated:
  com.unity.2d.animation from version 9.2.0 to 12.0.2
  com.unity.2d.psdimporter from version 8.1.0 to 11.0.1
  com.unity.2d.spriteshape from version 9.1.0 to 12.0.1
  com.unity.ai.navigation from version 1.1.6 to 2.0.9
  com.unity.ide.visualstudio from version 2.0.22 to 2.0.23
  com.unity.ugui from version 1.0.0 to 2.0.0
The following packages were removed:
  com.unity.textmeshpro@3.0.7
